2022/07/19 02:16:30 main.go:59: Launching websocket hub...
2022/07/19 02:16:30 main.go:62: Launching web server...
2022/07/19 02:19:07 main.go:59: Launching websocket hub...
2022/07/19 02:19:07 main.go:62: Launching web server...
2022/07/19 02:19:44 main.go:59: Launching websocket hub...
2022/07/19 02:19:44 main.go:62: Launching web server...
2022/07/19 02:20:55 main.go:54: Multihoster2 controller starting up...
2022/07/19 02:20:55 main.go:56: Launching websocket hub...
2022/07/19 02:20:55 main.go:59: Launching web server...
2022/07/19 02:21:50 main.go:54: Multihoster2 controller starting up...
2022/07/19 02:21:50 main.go:56: Launching websocket hub...
2022/07/19 02:21:50 main.go:59: Launching web server...
2022/07/19 02:21:50 main.go:68: Startup completed
2022/07/19 02:21:52 main.go:70: Shutting down web server...
2022/07/19 02:21:52 main.go:66: http: Server closed
2022/07/19 02:21:52 main.go:77: Web server shut down.
2022/07/19 02:21:52 main.go:80: Shutting down websocket hub...
2022/07/19 02:21:52 main.go:82: Websocket hub shut down.
2022/07/19 02:22:11 main.go:54: Multihoster2 controller starting up...
2022/07/19 02:22:11 main.go:56: Launching websocket hub...
2022/07/19 02:22:11 main.go:59: Launching web server...
2022/07/19 02:22:11 main.go:68: Startup completed
2022/07/19 02:22:21 main.go:89: Empty HosterID http header from127.0.0.1:45874
2022/07/19 02:27:16 main.go:70: Shutting down web server...
2022/07/19 02:27:16 main.go:66: http: Server closed
2022/07/19 02:27:16 main.go:77: Web server shut down.
2022/07/19 02:27:16 main.go:80: Shutting down websocket hub...
2022/07/19 02:27:16 main.go:82: Websocket hub shut down.
2022/07/19 02:27:17 main.go:54: Multihoster2 controller starting up...
2022/07/19 02:27:17 main.go:56: Launching websocket hub...
2022/07/19 02:27:17 main.go:59: Launching web server...
2022/07/19 02:27:17 main.go:68: Startup completed
2022/07/19 02:39:40 main.go:70: Shutting down web server...
2022/07/19 02:39:40 main.go:66: http: Server closed
2022/07/19 02:39:40 main.go:77: Web server shut down.
2022/07/19 02:39:40 main.go:80: Shutting down websocket hub...
2022/07/19 02:39:40 main.go:82: Websocket hub shut down.
2022/07/19 02:39:41 main.go:55: Multihoster2 controller starting up...
2022/07/19 02:39:41 main.go:57: Launching websocket hub...
2022/07/19 02:39:41 main.go:60: Launching message processor...
2022/07/19 02:39:41 main.go:63: Launching web server...
2022/07/19 02:39:41 main.go:72: Startup completed
2022/07/19 02:39:41 main.go:123: Message processor shutdown
2022/07/19 02:39:44 main.go:74: Shutting down web server...
2022/07/19 02:39:44 main.go:70: http: Server closed
2022/07/19 02:39:44 main.go:82: Shutting down websocket hub...
2022/07/19 02:39:44 main.go:85: Shutting down message processor...
2022/07/19 02:39:44 main.go:87: Bye!
2022/07/19 02:40:34 main.go:55: Multihoster2 controller starting up...
2022/07/19 02:40:34 main.go:57: Launching websocket hub...
2022/07/19 02:40:34 main.go:60: Launching message processor...
2022/07/19 02:40:34 main.go:63: Launching web server...
2022/07/19 02:40:34 main.go:72: Startup completed
2022/07/19 02:42:04 main.go:74: Shutting down web server...
2022/07/19 02:42:04 main.go:70: http: Server closed
2022/07/19 02:42:04 main.go:82: Shutting down websocket hub...
2022/07/19 02:42:04 main.go:85: Shutting down message processor...
2022/07/19 02:42:04 main.go:87: Bye!
2022/07/19 02:42:05 main.go:55: Multihoster2 controller starting up...
2022/07/19 02:42:05 main.go:57: Launching websocket hub...
2022/07/19 02:42:05 main.go:60: Launching message processor...
2022/07/19 02:42:05 main.go:63: Launching web server...
2022/07/19 02:42:05 main.go:72: Startup completed
2022/07/19 02:42:07 main.go:109: Accepted hoster 42 from 127.0.0.1:45884
2022/07/19 02:42:47 main.go:74: Shutting down web server...
2022/07/19 02:42:47 main.go:70: http: Server closed
2022/07/19 02:42:47 main.go:82: Shutting down websocket hub...
2022/07/19 02:42:47 main.go:85: Shutting down message processor...
2022/07/19 02:42:47 main.go:87: Bye!
2022/07/19 02:42:49 main.go:55: Multihoster2 controller starting up...
2022/07/19 02:42:49 main.go:57: Launching websocket hub...
2022/07/19 02:42:49 main.go:60: Launching message processor...
2022/07/19 02:42:49 main.go:63: Launching web server...
2022/07/19 02:42:49 main.go:72: Startup completed
2022/07/19 02:42:51 main.go:109: Accepted hoster 42 from 127.0.0.1:45886
2022/07/19 02:42:52 main.go:120: Message from hoster 42 [50 48 50 50 45 48 55 45 49 57 32 48 50 58 52 50 58 53 50 46 51 54 48 51 57 57 53 51 32 43 48 51 48 48 32 77 83 75 32 109 61 43 49 46 48 48 49 52 50 48 57 56 57]
2022/07/19 02:42:53 main.go:120: Message from hoster 42 [50 48 50 50 45 48 55 45 49 57 32 48 50 58 52 50 58 53 51 46 51 54 48 52 54 54 53 50 52 32 43 48 51 48 48 32 77 83 75 32 109 61 43 50 46 48 48 49 52 56 55 57 56 52]
2022/07/19 02:42:54 main.go:120: Message from hoster 42 [50 48 50 50 45 48 55 45 49 57 32 48 50 58 52 50 58 53 52 46 51 54 48 53 53 50 52 52 51 32 43 48 51 48 48 32 77 83 75 32 109 61 43 51 46 48 48 49 53 55 51 57 48 51]
2022/07/19 02:42:55 main.go:120: Message from hoster 42 [50 48 50 50 45 48 55 45 49 57 32 48 50 58 52 50 58 53 53 46 51 54 48 53 55 50 56 55 57 32 43 48 51 48 48 32 77 83 75 32 109 61 43 52 46 48 48 49 53 57 52 51 51 56]
2022/07/19 02:42:56 main.go:120: Message from hoster 42 [50 48 50 50 45 48 55 45 49 57 32 48 50 58 52 50 58 53 54 46 51 54 48 52 57 49 54 56 49 32 43 48 51 48 48 32 77 83 75 32 109 61 43 53 46 48 48 49 53 49 51 49 52 49]
2022/07/19 02:42:57 main.go:120: Message from hoster 42 [50 48 50 50 45 48 55 45 49 57 32 48 50 58 52 50 58 53 55 46 51 54 48 53 49 51 56 56 51 32 43 48 51 48 48 32 77 83 75 32 109 61 43 54 46 48 48 49 53 51 53 51 52 49]
2022/07/19 02:42:57 hoster.go:25: Error reading from hosterwebsocket: close 1000 (normal)
2022/07/19 02:43:01 main.go:109: Accepted hoster 42 from 127.0.0.1:45888
2022/07/19 02:43:02 main.go:120: Message from hoster 42 [50 48 50 50 45 48 55 45 49 57 32 48 50 58 52 51 58 48 50 46 50 49 52 56 57 51 55 57 53 32 43 48 51 48 48 32 77 83 75 32 109 61 43 49 46 48 48 49 49 49 54 48 53 48]
2022/07/19 02:43:03 main.go:120: Message from hoster 42 [50 48 50 50 45 48 55 45 49 57 32 48 50 58 52 51 58 48 51 46 50 49 52 57 52 48 53 57 56 32 43 48 51 48 48 32 77 83 75 32 109 61 43 50 46 48 48 49 49 54 50 56 53 51]
2022/07/19 02:43:04 main.go:120: Message from hoster 42 [50 48 50 50 45 48 55 45 49 57 32 48 50 58 52 51 58 48 52 46 50 49 53 56 52 51 56 49 53 32 43 48 51 48 48 32 77 83 75 32 109 61 43 51 46 48 48 50 48 54 54 48 55 51]
2022/07/19 02:43:05 main.go:120: Message from hoster 42 [50 48 50 50 45 48 55 45 49 57 32 48 50 58 52 51 58 48 53 46 50 49 53 50 50 53 57 49 51 32 43 48 51 48 48 32 77 83 75 32 109 61 43 52 46 48 48 49 52 52 56 49 55 48]
2022/07/19 02:43:06 main.go:120: Message from hoster 42 [50 48 50 50 45 48 55 45 49 57 32 48 50 58 52 51 58 48 54 46 50 49 53 49 50 54 57 57 51 32 43 48 51 48 48 32 77 83 75 32 109 61 43 53 46 48 48 49 51 52 57 50 53 49]
2022/07/19 02:43:07 main.go:120: Message from hoster 42 [50 48 50 50 45 48 55 45 49 57 32 48 50 58 52 51 58 48 55 46 50 49 53 49 48 57 52 48 57 32 43 48 51 48 48 32 77 83 75 32 109 61 43 54 46 48 48 49 51 51 49 54 54 54]
2022/07/19 02:43:07 hoster.go:25: Error reading from hosterwebsocket: close 1000 (normal)
2022/07/19 02:45:44 main.go:109: Accepted hoster 42 from 127.0.0.1:45890
2022/07/19 02:45:45 main.go:120: Message from hoster 42 [50 48 50 50 45 48 55 45 49 57 32 48 50 58 52 53 58 52 53 46 51 57 48 52 53 57 56 53 57 32 43 48 51 48 48 32 77 83 75 32 109 61 43 49 46 48 48 49 49 50 50 50 49 52]
2022/07/19 02:45:46 main.go:120: Message from hoster 42 [50 48 50 50 45 48 55 45 49 57 32 48 50 58 52 53 58 52 54 46 51 57 48 53 49 51 51 48 50 32 43 48 51 48 48 32 77 83 75 32 109 61 43 50 46 48 48 49 49 55 53 54 53 54]
2022/07/19 02:45:47 main.go:120: Message from hoster 42 [50 48 50 50 45 48 55 45 49 57 32 48 50 58 52 53 58 52 55 46 51 57 48 53 57 57 57 53 54 32 43 48 51 48 48 32 77 83 75 32 109 61 43 51 46 48 48 49 50 54 50 51 49 49]
2022/07/19 02:45:47 main.go:74: Shutting down web server...
2022/07/19 02:45:47 main.go:70: http: Server closed
2022/07/19 02:45:47 main.go:82: Shutting down websocket hub...
2022/07/19 02:45:47 main.go:85: Shutting down message processor...
2022/07/19 02:45:47 main.go:87: Bye!
2022/07/19 02:45:52 main.go:55: Multihoster2 controller starting up...
2022/07/19 02:45:52 main.go:57: Launching websocket hub...
2022/07/19 02:45:52 main.go:60: Launching message processor...
2022/07/19 02:45:52 main.go:63: Launching web server...
2022/07/19 02:45:52 main.go:72: Startup completed
2022/07/19 02:45:53 main.go:109: Accepted hoster 42 from 127.0.0.1:45894
2022/07/19 02:45:54 main.go:120: Message from hoster 42 [50 48 50 50 45 48 55 45 49 57 32 48 50 58 52 53 58 53 52 46 54 51 54 50 57 48 57 52 32 43 48 51 48 48 32 77 83 75 32 109 61 43 49 46 48 48 50 48 49 52 57 57 54]
2022/07/19 02:45:55 main.go:120: Message from hoster 42 [50 48 50 50 45 48 55 45 49 57 32 48 50 58 52 53 58 53 53 46 54 51 53 52 49 50 51 56 56 32 43 48 51 48 48 32 77 83 75 32 109 61 43 50 46 48 48 49 49 51 54 52 52 53]
2022/07/19 02:45:56 main.go:120: Message from hoster 42 [50 48 50 50 45 48 55 45 49 57 32 48 50 58 52 53 58 53 54 46 54 51 54 50 57 51 51 50 54 32 43 48 51 48 48 32 77 83 75 32 109 61 43 51 46 48 48 50 48 49 55 51 56 50]
2022/07/19 02:45:57 main.go:120: Message from hoster 42 [50 48 50 50 45 48 55 45 49 57 32 48 50 58 52 53 58 53 55 46 54 51 53 52 49 48 55 56 51 32 43 48 51 48 48 32 77 83 75 32 109 61 43 52 46 48 48 49 49 51 52 56 51 57]
2022/07/19 02:45:58 main.go:120: Message from hoster 42 [50 48 50 50 45 48 55 45 49 57 32 48 50 58 52 53 58 53 56 46 54 51 54 50 57 56 53 53 32 43 48 51 48 48 32 77 83 75 32 109 61 43 53 46 48 48 50 48 50 50 54 48 53]
2022/07/19 02:45:59 main.go:74: Shutting down web server...
2022/07/19 02:45:59 main.go:70: http: Server closed
2022/07/19 02:45:59 main.go:82: Shutting down websocket hub...
2022/07/19 02:45:59 main.go:85: Shutting down message processor...
2022/07/19 02:45:59 main.go:87: Bye!
2022/07/19 02:46:05 main.go:55: Multihoster2 controller starting up...
2022/07/19 02:46:05 main.go:57: Launching websocket hub...
2022/07/19 02:46:05 main.go:60: Launching message processor...
2022/07/19 02:46:05 main.go:63: Launching web server...
2022/07/19 02:46:05 main.go:72: Startup completed
2022/07/19 02:46:09 main.go:109: Accepted hoster 42 from 127.0.0.1:45898
2022/07/19 02:46:10 main.go:120: Message from hoster 42 [50 48 50 50 45 48 55 45 49 57 32 48 50 58 52 54 58 49 48 46 52 57 57 48 50 48 52 54 32 43 48 51 48 48 32 77 83 75 32 109 61 43 49 46 48 48 49 52 50 52 57 56 55]
2022/07/19 02:46:11 main.go:120: Message from hoster 42 [50 48 50 50 45 48 55 45 49 57 32 48 50 58 52 54 58 49 49 46 52 57 57 48 52 56 49 51 54 32 43 48 51 48 48 32 77 83 75 32 109 61 43 50 46 48 48 49 52 53 50 54 54 50]
2022/07/19 02:46:12 main.go:120: Message from hoster 42 [50 48 50 50 45 48 55 45 49 57 32 48 50 58 52 54 58 49 50 46 52 57 57 49 50 50 49 49 55 32 43 48 51 48 48 32 77 83 75 32 109 61 43 51 46 48 48 49 53 50 54 54 52 52]
2022/07/19 02:46:12 main.go:120: Message from hoster 42 []
2022/07/19 02:46:12 main.go:120: Message from hoster 42 []
2022/07/19 02:46:12 main.go:120: Message from hoster 42 []
2022/07/19 02:46:12 main.go:120: Message from hoster 42 []
2022/07/19 02:46:12 main.go:120: Message from hoster 42 []
2022/07/19 02:46:12 main.go:120: Message from hoster 42 []
2022/07/19 02:46:12 main.go:120: Message from hoster 42 []
2022/07/19 02:46:12 main.go:120: Message from hoster 42 []
2022/07/19 02:46:12 main.go:120: Message from hoster 42 []
2022/07/19 02:46:12 main.go:120: Message from hoster 42 []
2022/07/19 02:46:12 main.go:120: Message from hoster 42 []
2022/07/19 02:46:12 main.go:120: Message from hoster 42 []
2022/07/19 02:46:12 main.go:120: Message from hoster 42 []
2022/07/19 02:46:12 main.go:120: Message from hoster 42 []
2022/07/19 02:46:12 main.go:120: Message from hoster 42 []
2022/07/19 02:46:12 main.go:120: Message from hoster 42 []
2022/07/19 02:46:12 main.go:120: Message from hoster 42 []
2022/07/19 02:46:12 main.go:120: Message from hoster 42 []
2022/07/19 02:46:12 main.go:120: Message from hoster 42 []
2022/07/19 02:46:12 main.go:120: Message from hoster 42 []
2022/07/19 02:46:12 main.go:120: Message from hoster 42 []
2022/07/19 02:46:12 main.go:120: Message from hoster 42 []
2022/07/19 02:46:12 main.go:120: Message from hoster 42 []
2022/07/19 02:46:12 main.go:120: Message from hoster 42 []
2022/07/19 02:46:12 main.go:120: Message from hoster 42 []
2022/07/19 02:46:12 main.go:120: Message from hoster 42 []
2022/07/19 02:46:12 main.go:120: Message from hoster 42 []
2022/07/19 02:46:12 main.go:120: Message from hoster 42 []
2022/07/19 02:46:12 main.go:120: Message from hoster 42 []
2022/07/19 02:46:12 main.go:120: Message from hoster 42 []
2022/07/19 02:46:12 main.go:120: Message from hoster 42 []
2022/07/19 02:46:12 main.go:120: Message from hoster 42 []
2022/07/19 02:46:12 main.go:120: Message from hoster 42 []
2022/07/19 02:46:12 main.go:120: Message from hoster 42 []
2022/07/19 02:46:12 main.go:120: Message from hoster 42 []
2022/07/19 02:46:12 main.go:120: Message from hoster 42 []
2022/07/19 02:46:12 main.go:120: Message from hoster 42 []
2022/07/19 02:46:12 main.go:120: Message from hoster 42 []
2022/07/19 02:46:12 main.go:120: Message from hoster 42 []
2022/07/19 02:46:12 main.go:120: Message from hoster 42 []
2022/07/19 02:46:12 main.go:120: Message from hoster 42 []
2022/07/19 02:46:12 main.go:120: Message from hoster 42 []
2022/07/19 02:46:12 main.go:120: Message from hoster 42 []
2022/07/19 02:46:12 main.go:120: Message from hoster 42 []
2022/07/19 02:46:12 main.go:120: Message from hoster 42 []
2022/07/19 02:46:12 main.go:120: Message from hoster 42 []
2022/07/19 02:46:12 main.go:120: Message from hoster 42 []
2022/07/19 02:46:12 main.go:120: Message from hoster 42 []
2022/07/19 02:46:12 main.go:120: Message from hoster 42 []
2022/07/19 02:46:12 main.go:120: Message from hoster 42 []
2022/07/19 02:46:12 main.go:120: Message from hoster 42 []
2022/07/19 02:46:12 main.go:120: Message from hoster 42 []
2022/07/19 02:46:12 main.go:120: Message from hoster 42 []
2022/07/19 02:46:12 main.go:120: Message from hoster 42 []
2022/07/19 02:46:12 main.go:120: Message from hoster 42 []
2022/07/19 02:46:12 main.go:120: Message from hoster 42 []
2022/07/19 02:46:12 main.go:120: Message from hoster 42 []
2022/07/19 02:46:12 main.go:120: Message from hoster 42 []
2022/07/19 02:46:12 main.go:120: Message from hoster 42 []
2022/07/19 02:46:12 main.go:120: Message from hoster 42 []
2022/07/19 02:46:12 main.go:120: Message from hoster 42 []
2022/07/19 02:46:12 main.go:120: Message from hoster 42 []
2022/07/19 02:46:12 main.go:120: Message from hoster 42 []
2022/07/19 02:46:12 main.go:120: Message from hoster 42 []
2022/07/19 02:46:12 main.go:120: Message from hoster 42 []
2022/07/19 02:46:12 main.go:120: Message from hoster 42 []
2022/07/19 02:46:12 main.go:120: Message from hoster 42 []
2022/07/19 02:46:12 main.go:120: Message from hoster 42 []
2022/07/19 02:46:12 main.go:120: Message from hoster 42 []
2022/07/19 02:46:12 main.go:120: Message from hoster 42 []
2022/07/19 02:46:12 main.go:120: Message from hoster 42 []
2022/07/19 02:46:12 main.go:120: Message from hoster 42 []
2022/07/19 02:46:12 main.go:120: Message from hoster 42 []
2022/07/19 02:46:12 main.go:120: Message from hoster 42 []
2022/07/19 02:46:12 main.go:120: Message from hoster 42 []
2022/07/19 02:46:12 main.go:120: Message from hoster 42 []
2022/07/19 02:46:12 main.go:120: Message from hoster 42 []
2022/07/19 02:46:12 main.go:120: Message from hoster 42 []
2022/07/19 02:46:12 main.go:120: Message from hoster 42 []
2022/07/19 02:46:12 main.go:120: Message from hoster 42 []
2022/07/19 02:46:12 main.go:120: Message from hoster 42 []
2022/07/19 02:46:12 main.go:120: Message from hoster 42 []
2022/07/19 02:46:12 main.go:120: Message from hoster 42 []
2022/07/19 02:46:12 main.go:120: Message from hoster 42 []
2022/07/19 02:46:12 main.go:120: Message from hoster 42 []
2022/07/19 02:46:12 main.go:120: Message from hoster 42 []
2022/07/19 02:46:12 main.go:120: Message from hoster 42 []
2022/07/19 02:46:12 main.go:120: Message from hoster 42 []
2022/07/19 02:46:12 main.go:120: Message from hoster 42 []
2022/07/19 02:46:12 main.go:120: Message from hoster 42 []
2022/07/19 02:46:12 main.go:120: Message from hoster 42 []
2022/07/19 02:46:12 main.go:120: Message from hoster 42 []
2022/07/19 02:46:12 main.go:120: Message from hoster 42 []
2022/07/19 02:46:12 main.go:120: Message from hoster 42 []
2022/07/19 02:46:12 main.go:120: Message from hoster 42 []
2022/07/19 02:46:12 main.go:120: Message from hoster 42 []
2022/07/19 02:46:12 main.go:120: Message from hoster 42 []
2022/07/19 02:46:12 main.go:120: Message from hoster 42 []
2022/07/19 02:46:12 main.go:120: Message from hoster 42 []
2022/07/19 02:46:12 main.go:120: Message from hoster 42 []
2022/07/19 02:46:12 main.go:120: Message from hoster 42 []
2022/07/19 02:46:12 main.go:120: Message from hoster 42 []
2022/07/19 02:46:12 main.go:120: Message from hoster 42 []
2022/07/19 02:46:12 main.go:120: Message from hoster 42 []
2022/07/19 02:46:12 main.go:120: Message from hoster 42 []
2022/07/19 02:46:12 main.go:120: Message from hoster 42 []
2022/07/19 02:46:12 main.go:120: Message from hoster 42 []
2022/07/19 02:46:12 main.go:120: Message from hoster 42 []
2022/07/19 02:46:12 main.go:120: Message from hoster 42 []
2022/07/19 02:46:12 main.go:120: Message from hoster 42 []
2022/07/19 02:46:12 main.go:120: Message from hoster 42 []
2022/07/19 02:46:12 main.go:120: Message from hoster 42 []
2022/07/19 02:46:12 main.go:120: Message from hoster 42 []
2022/07/19 02:46:12 main.go:120: Message from hoster 42 []
2022/07/19 02:46:12 main.go:120: Message from hoster 42 []
2022/07/19 02:46:12 main.go:120: Message from hoster 42 []
2022/07/19 02:46:12 main.go:120: Message from hoster 42 []
2022/07/19 02:46:12 main.go:120: Message from hoster 42 []
2022/07/19 02:46:12 main.go:120: Message from hoster 42 []
2022/07/19 02:46:12 main.go:120: Message from hoster 42 []
2022/07/19 02:46:12 main.go:120: Message from hoster 42 []
2022/07/19 02:46:12 main.go:120: Message from hoster 42 []
2022/07/19 02:46:12 main.go:120: Message from hoster 42 []
2022/07/19 02:46:12 main.go:120: Message from hoster 42 []
2022/07/19 02:46:12 main.go:120: Message from hoster 42 []
2022/07/19 02:46:12 main.go:120: Message from hoster 42 []
2022/07/19 02:46:12 main.go:120: Message from hoster 42 []
2022/07/19 02:46:12 main.go:120: Message from hoster 42 []
2022/07/19 02:46:12 main.go:120: Message from hoster 42 []
2022/07/19 02:46:12 main.go:120: Message from hoster 42 []
2022/07/19 02:46:12 main.go:120: Message from hoster 42 []
2022/07/19 02:46:12 main.go:120: Message from hoster 42 []
2022/07/19 02:46:12 main.go:120: Message from hoster 42 []
2022/07/19 02:46:12 main.go:120: Message from hoster 42 []
2022/07/19 02:46:12 main.go:120: Message from hoster 42 []
2022/07/19 02:46:12 main.go:120: Message from hoster 42 []
2022/07/19 02:46:12 main.go:120: Message from hoster 42 []
2022/07/19 02:46:12 main.go:120: Message from hoster 42 []
2022/07/19 02:46:12 main.go:120: Message from hoster 42 []
2022/07/19 02:46:12 main.go:120: Message from hoster 42 []
2022/07/19 02:46:12 main.go:120: Message from hoster 42 []
2022/07/19 02:46:12 main.go:120: Message from hoster 42 []
2022/07/19 02:46:12 main.go:120: Message from hoster 42 []
2022/07/19 02:46:12 main.go:120: Message from hoster 42 []
2022/07/19 02:46:12 main.go:120: Message from hoster 42 []
2022/07/19 02:46:12 main.go:120: Message from hoster 42 []
2022/07/19 02:46:12 main.go:120: Message from hoster 42 []
2022/07/19 02:46:12 main.go:120: Message from hoster 42 []
2022/07/19 02:46:12 main.go:120: Message from hoster 42 []
2022/07/19 02:46:12 main.go:120: Message from hoster 42 []
2022/07/19 02:46:12 main.go:120: Message from hoster 42 []
2022/07/19 02:46:12 main.go:120: Message from hoster 42 []
2022/07/19 02:46:12 main.go:120: Message from hoster 42 []
2022/07/19 02:46:12 main.go:120: Message from hoster 42 []
2022/07/19 02:46:12 main.go:120: Message from hoster 42 []
2022/07/19 02:46:12 main.go:120: Message from hoster 42 []
2022/07/19 02:46:12 main.go:120: Message from hoster 42 []
2022/07/19 02:46:12 main.go:120: Message from hoster 42 []
2022/07/19 02:46:12 main.go:120: Message from hoster 42 []
2022/07/19 02:46:12 main.go:120: Message from hoster 42 []
2022/07/19 02:46:12 main.go:120: Message from hoster 42 []
2022/07/19 02:46:12 main.go:120: Message from hoster 42 []
2022/07/19 02:46:12 main.go:120: Message from hoster 42 []
2022/07/19 02:46:12 main.go:120: Message from hoster 42 []
2022/07/19 02:46:12 main.go:120: Message from hoster 42 []
2022/07/19 02:46:12 main.go:120: Message from hoster 42 []
2022/07/19 02:46:12 main.go:120: Message from hoster 42 []
2022/07/19 02:46:12 main.go:120: Message from hoster 42 []
2022/07/19 02:46:12 main.go:120: Message from hoster 42 []
2022/07/19 02:46:12 main.go:120: Message from hoster 42 []
2022/07/19 02:46:12 main.go:120: Message from hoster 42 []
2022/07/19 02:46:12 main.go:120: Message from hoster 42 []
2022/07/19 02:46:12 main.go:120: Message from hoster 42 []
2022/07/19 02:46:12 main.go:120: Message from hoster 42 []
2022/07/19 02:46:12 main.go:120: Message from hoster 42 []
2022/07/19 02:46:12 main.go:120: Message from hoster 42 []
2022/07/19 02:46:12 main.go:120: Message from hoster 42 []
2022/07/19 02:46:12 main.go:120: Message from hoster 42 []
2022/07/19 02:46:12 main.go:120: Message from hoster 42 []
2022/07/19 02:46:12 main.go:120: Message from hoster 42 []
2022/07/19 02:46:12 main.go:120: Message from hoster 42 []
2022/07/19 02:46:12 main.go:120: Message from hoster 42 []
2022/07/19 02:46:12 main.go:120: Message from hoster 42 []
2022/07/19 02:46:12 main.go:120: Message from hoster 42 []
2022/07/19 02:46:12 main.go:120: Message from hoster 42 []
2022/07/19 02:46:12 main.go:120: Message from hoster 42 []
2022/07/19 02:46:12 main.go:120: Message from hoster 42 []
2022/07/19 02:46:12 main.go:120: Message from hoster 42 []
2022/07/19 02:46:12 main.go:120: Message from hoster 42 []
2022/07/19 02:46:12 main.go:120: Message from hoster 42 []
2022/07/19 02:46:12 main.go:120: Message from hoster 42 []
2022/07/19 02:46:12 main.go:120: Message from hoster 42 []
2022/07/19 02:46:12 main.go:120: Message from hoster 42 []
2022/07/19 02:46:12 main.go:120: Message from hoster 42 []
2022/07/19 02:46:12 main.go:120: Message from hoster 42 []
2022/07/19 02:46:12 main.go:120: Message from hoster 42 []
2022/07/19 02:46:12 main.go:120: Message from hoster 42 []
2022/07/19 02:46:12 main.go:120: Message from hoster 42 []
2022/07/19 02:46:12 main.go:120: Message from hoster 42 []
2022/07/19 02:46:12 main.go:120: Message from hoster 42 []
2022/07/19 02:46:12 main.go:120: Message from hoster 42 []
2022/07/19 02:46:12 main.go:120: Message from hoster 42 []
2022/07/19 02:46:12 main.go:120: Message from hoster 42 []
2022/07/19 02:46:12 main.go:120: Message from hoster 42 []
2022/07/19 02:46:12 main.go:120: Message from hoster 42 []
2022/07/19 02:46:12 main.go:120: Message from hoster 42 []
2022/07/19 02:46:12 main.go:120: Message from hoster 42 []
2022/07/19 02:46:12 main.go:120: Message from hoster 42 []
2022/07/19 02:46:12 main.go:120: Message from hoster 42 []
2022/07/19 02:46:12 main.go:120: Message from hoster 42 []
2022/07/19 02:46:12 main.go:120: Message from hoster 42 []
2022/07/19 02:46:12 main.go:120: Message from hoster 42 []
2022/07/19 02:46:12 main.go:120: Message from hoster 42 []
2022/07/19 02:46:12 main.go:120: Message from hoster 42 []
2022/07/19 02:46:12 main.go:120: Message from hoster 42 []
2022/07/19 02:46:12 main.go:120: Message from hoster 42 []
2022/07/19 02:46:12 main.go:120: Message from hoster 42 []
2022/07/19 02:46:12 main.go:120: Message from hoster 42 []
2022/07/19 02:46:12 main.go:120: Message from hoster 42 []
2022/07/19 02:46:12 main.go:120: Message from hoster 42 []
2022/07/19 02:46:12 main.go:120: Message from hoster 42 []
2022/07/19 02:46:12 main.go:120: Message from hoster 42 []
2022/07/19 02:46:12 main.go:120: Message from hoster 42 []
2022/07/19 02:46:12 main.go:120: Message from hoster 42 []
2022/07/19 02:46:12 main.go:120: Message from hoster 42 []
2022/07/19 02:46:12 main.go:120: Message from hoster 42 []
2022/07/19 02:46:12 main.go:120: Message from hoster 42 []
2022/07/19 02:46:12 main.go:120: Message from hoster 42 []
2022/07/19 02:46:12 main.go:120: Message from hoster 42 []
2022/07/19 02:46:12 main.go:120: Message from hoster 42 []
2022/07/19 02:46:12 main.go:120: Message from hoster 42 []
2022/07/19 02:46:12 main.go:120: Message from hoster 42 []
2022/07/19 02:46:12 main.go:120: Message from hoster 42 []
2022/07/19 02:46:12 main.go:120: Message from hoster 42 []
2022/07/19 02:46:12 main.go:120: Message from hoster 42 []
2022/07/19 02:46:12 main.go:120: Message from hoster 42 []
2022/07/19 02:46:12 main.go:120: Message from hoster 42 []
2022/07/19 02:46:12 main.go:120: Message from hoster 42 []
2022/07/19 02:46:12 main.go:120: Message from hoster 42 []
2022/07/19 02:46:12 main.go:120: Message from hoster 42 []
2022/07/19 02:46:12 main.go:120: Message from hoster 42 []
2022/07/19 02:46:12 main.go:120: Message from hoster 42 []
2022/07/19 02:46:12 main.go:120: Message from hoster 42 []
2022/07/19 02:46:12 main.go:120: Message from hoster 42 []
2022/07/19 02:46:12 main.go:120: Message from hoster 42 []
2022/07/19 02:46:12 main.go:120: Message from hoster 42 []
2022/07/19 02:46:12 main.go:120: Message from hoster 42 []
2022/07/19 02:46:12 main.go:120: Message from hoster 42 []
2022/07/19 02:46:12 main.go:120: Message from hoster 42 []
2022/07/19 02:46:12 main.go:120: Message from hoster 42 []
2022/07/19 02:46:12 main.go:120: Message from hoster 42 []
2022/07/19 02:46:12 main.go:120: Message from hoster 42 []
2022/07/19 02:46:12 main.go:120: Message from hoster 42 []
2022/07/19 02:46:12 main.go:120: Message from hoster 42 []
2022/07/19 02:46:12 main.go:120: Message from hoster 42 []
2022/07/19 02:46:12 main.go:120: Message from hoster 42 []
2022/07/19 02:46:12 main.go:120: Message from hoster 42 []
2022/07/19 02:46:12 main.go:120: Message from hoster 42 []
2022/07/19 02:46:12 main.go:120: Message from hoster 42 []
2022/07/19 02:46:12 main.go:120: Message from hoster 42 []
2022/07/19 02:46:12 main.go:120: Message from hoster 42 []
2022/07/19 02:46:12 main.go:120: Message from hoster 42 []
2022/07/19 02:46:12 main.go:120: Message from hoster 42 []
2022/07/19 02:46:12 main.go:120: Message from hoster 42 []
2022/07/19 02:46:12 main.go:120: Message from hoster 42 []
2022/07/19 02:46:12 main.go:120: Message from hoster 42 []
2022/07/19 02:46:12 main.go:120: Message from hoster 42 []
2022/07/19 02:46:12 main.go:120: Message from hoster 42 []
2022/07/19 02:46:12 main.go:120: Message from hoster 42 []
2022/07/19 02:46:12 main.go:120: Message from hoster 42 []
2022/07/19 02:46:12 main.go:120: Message from hoster 42 []
2022/07/19 02:46:12 main.go:120: Message from hoster 42 []
2022/07/19 02:46:12 main.go:120: Message from hoster 42 []
2022/07/19 02:46:12 main.go:120: Message from hoster 42 []
2022/07/19 02:46:12 main.go:120: Message from hoster 42 []
2022/07/19 02:46:12 main.go:120: Message from hoster 42 []
2022/07/19 02:46:12 main.go:120: Message from hoster 42 []
2022/07/19 02:46:12 main.go:120: Message from hoster 42 []
2022/07/19 02:46:12 main.go:120: Message from hoster 42 []
2022/07/19 02:46:12 main.go:120: Message from hoster 42 []
2022/07/19 02:46:12 main.go:120: Message from hoster 42 []
2022/07/19 02:46:12 main.go:120: Message from hoster 42 []
2022/07/19 02:46:12 main.go:120: Message from hoster 42 []
2022/07/19 02:46:12 main.go:120: Message from hoster 42 []
2022/07/19 02:46:12 main.go:120: Message from hoster 42 []
2022/07/19 02:46:12 main.go:120: Message from hoster 42 []
2022/07/19 02:46:12 main.go:120: Message from hoster 42 []
2022/07/19 02:46:12 main.go:120: Message from hoster 42 []
2022/07/19 02:46:12 main.go:120: Message from hoster 42 []
2022/07/19 02:46:12 main.go:120: Message from hoster 42 []
2022/07/19 02:46:12 main.go:120: Message from hoster 42 []
2022/07/19 02:46:12 main.go:120: Message from hoster 42 []
2022/07/19 02:46:12 main.go:120: Message from hoster 42 []
2022/07/19 02:46:12 main.go:120: Message from hoster 42 []
2022/07/19 02:46:12 main.go:120: Message from hoster 42 []
2022/07/19 02:46:12 main.go:120: Message from hoster 42 []
2022/07/19 02:46:12 main.go:120: Message from hoster 42 []
2022/07/19 02:46:12 main.go:120: Message from hoster 42 []
2022/07/19 02:46:12 main.go:120: Message from hoster 42 []
2022/07/19 02:46:12 main.go:120: Message from hoster 42 []
2022/07/19 02:46:12 main.go:120: Message from hoster 42 []
2022/07/19 02:46:12 main.go:120: Message from hoster 42 []
2022/07/19 02:46:12 main.go:120: Message from hoster 42 []
2022/07/19 02:46:12 main.go:120: Message from hoster 42 []
2022/07/19 02:46:12 main.go:120: Message from hoster 42 []
2022/07/19 02:46:12 main.go:120: Message from hoster 42 []
2022/07/19 02:46:12 main.go:120: Message from hoster 42 []
2022/07/19 02:46:12 main.go:120: Message from hoster 42 []
2022/07/19 02:46:12 main.go:120: Message from hoster 42 []
2022/07/19 02:46:12 main.go:120: Message from hoster 42 []
2022/07/19 02:46:12 main.go:120: Message from hoster 42 []
2022/07/19 02:46:12 main.go:120: Message from hoster 42 []
2022/07/19 02:46:12 main.go:120: Message from hoster 42 []
2022/07/19 02:46:12 main.go:120: Message from hoster 42 []
2022/07/19 02:46:12 main.go:120: Message from hoster 42 []
2022/07/19 02:46:12 main.go:120: Message from hoster 42 []
2022/07/19 02:46:12 main.go:120: Message from hoster 42 []
2022/07/19 02:46:12 main.go:120: Message from hoster 42 []
2022/07/19 02:46:12 main.go:120: Message from hoster 42 []
2022/07/19 02:46:12 main.go:120: Message from hoster 42 []
2022/07/19 02:46:12 main.go:120: Message from hoster 42 []
2022/07/19 02:46:12 main.go:120: Message from hoster 42 []
2022/07/19 02:46:12 main.go:120: Message from hoster 42 []
2022/07/19 02:46:12 main.go:120: Message from hoster 42 []
2022/07/19 02:46:12 main.go:120: Message from hoster 42 []
2022/07/19 02:46:12 main.go:120: Message from hoster 42 []
2022/07/19 02:46:12 main.go:120: Message from hoster 42 []
2022/07/19 02:46:12 main.go:120: Message from hoster 42 []
2022/07/19 02:46:12 main.go:120: Message from hoster 42 []
2022/07/19 02:46:12 main.go:120: Message from hoster 42 []
2022/07/19 02:46:12 main.go:120: Message from hoster 42 []
2022/07/19 02:46:12 main.go:120: Message from hoster 42 []
2022/07/19 02:46:12 main.go:120: Message from hoster 42 []
2022/07/19 02:46:12 main.go:120: Message from hoster 42 []
2022/07/19 02:46:12 main.go:120: Message from hoster 42 []
2022/07/19 02:46:12 main.go:120: Message from hoster 42 []
2022/07/19 02:46:12 main.go:120: Message from hoster 42 []
2022/07/19 02:46:12 main.go:120: Message from hoster 42 []
2022/07/19 02:46:12 main.go:120: Message from hoster 42 []
2022/07/19 02:46:12 main.go:120: Message from hoster 42 []
2022/07/19 02:46:12 main.go:120: Message from hoster 42 []
2022/07/19 02:46:12 main.go:120: Message from hoster 42 []
2022/07/19 02:46:12 main.go:120: Message from hoster 42 []
2022/07/19 02:46:12 main.go:120: Message from hoster 42 []
2022/07/19 02:46:12 main.go:120: Message from hoster 42 []
2022/07/19 02:46:12 main.go:120: Message from hoster 42 []
2022/07/19 02:46:12 main.go:120: Message from hoster 42 []
2022/07/19 02:46:12 main.go:120: Message from hoster 42 []
2022/07/19 02:46:12 main.go:120: Message from hoster 42 []
2022/07/19 02:46:12 main.go:120: Message from hoster 42 []
2022/07/19 02:46:12 main.go:120: Message from hoster 42 []
2022/07/19 02:46:12 main.go:120: Message from hoster 42 []
2022/07/19 02:46:12 main.go:120: Message from hoster 42 []
2022/07/19 02:46:12 main.go:120: Message from hoster 42 []
2022/07/19 02:46:12 main.go:120: Message from hoster 42 []
2022/07/19 02:46:12 main.go:120: Message from hoster 42 []
2022/07/19 02:46:12 main.go:120: Message from hoster 42 []
2022/07/19 02:46:12 main.go:120: Message from hoster 42 []
2022/07/19 02:46:12 main.go:120: Message from hoster 42 []
2022/07/19 02:46:12 main.go:120: Message from hoster 42 []
2022/07/19 02:46:12 main.go:120: Message from hoster 42 []
2022/07/19 02:46:12 main.go:120: Message from hoster 42 []
2022/07/19 02:46:12 main.go:120: Message from hoster 42 []
2022/07/19 02:46:12 main.go:120: Message from hoster 42 []
2022/07/19 02:46:12 main.go:120: Message from hoster 42 []
2022/07/19 02:46:12 main.go:120: Message from hoster 42 []
2022/07/19 02:46:12 main.go:120: Message from hoster 42 []
2022/07/19 02:46:12 main.go:120: Message from hoster 42 []
2022/07/19 02:46:12 main.go:120: Message from hoster 42 []
2022/07/19 02:46:12 main.go:120: Message from hoster 42 []
2022/07/19 02:46:12 main.go:120: Message from hoster 42 []
2022/07/19 02:46:12 main.go:120: Message from hoster 42 []
2022/07/19 02:46:12 main.go:120: Message from hoster 42 []
2022/07/19 02:46:12 main.go:120: Message from hoster 42 []
2022/07/19 02:46:12 main.go:120: Message from hoster 42 []
2022/07/19 02:46:12 main.go:120: Message from hoster 42 []
2022/07/19 02:46:12 main.go:120: Message from hoster 42 []
2022/07/19 02:46:12 main.go:120: Message from hoster 42 []
2022/07/19 02:46:12 main.go:120: Message from hoster 42 []
2022/07/19 02:46:12 main.go:120: Message from hoster 42 []
2022/07/19 02:46:12 main.go:120: Message from hoster 42 []
2022/07/19 02:46:12 main.go:120: Message from hoster 42 []
2022/07/19 02:46:12 main.go:120: Message from hoster 42 []
2022/07/19 02:46:12 main.go:120: Message from hoster 42 []
2022/07/19 02:46:12 main.go:120: Message from hoster 42 []
2022/07/19 02:46:12 main.go:120: Message from hoster 42 []
2022/07/19 02:46:12 main.go:120: Message from hoster 42 []
2022/07/19 02:46:12 main.go:120: Message from hoster 42 []
2022/07/19 02:46:12 main.go:120: Message from hoster 42 []
2022/07/19 02:46:12 main.go:120: Message from hoster 42 []
2022/07/19 02:46:12 main.go:120: Message from hoster 42 []
2022/07/19 02:46:12 main.go:120: Message from hoster 42 []
2022/07/19 02:46:12 main.go:120: Message from hoster 42 []
2022/07/19 02:46:12 main.go:120: Message from hoster 42 []
2022/07/19 02:46:12 main.go:120: Message from hoster 42 []
2022/07/19 02:46:12 main.go:120: Message from hoster 42 []
2022/07/19 02:46:12 main.go:120: Message from hoster 42 []
2022/07/19 02:46:12 main.go:120: Message from hoster 42 []
2022/07/19 02:46:12 main.go:120: Message from hoster 42 []
2022/07/19 02:46:12 main.go:120: Message from hoster 42 []
2022/07/19 02:46:12 main.go:120: Message from hoster 42 []
2022/07/19 02:46:12 main.go:120: Message from hoster 42 []
2022/07/19 02:46:12 main.go:120: Message from hoster 42 []
2022/07/19 02:46:12 main.go:120: Message from hoster 42 []
2022/07/19 02:46:12 main.go:120: Message from hoster 42 []
2022/07/19 02:46:12 main.go:120: Message from hoster 42 []
2022/07/19 02:46:12 main.go:120: Message from hoster 42 []
2022/07/19 02:46:12 main.go:120: Message from hoster 42 []
2022/07/19 02:46:12 main.go:120: Message from hoster 42 []
2022/07/19 02:46:12 main.go:120: Message from hoster 42 []
2022/07/19 02:46:12 main.go:120: Message from hoster 42 []
2022/07/19 02:46:12 main.go:120: Message from hoster 42 []
2022/07/19 02:46:12 main.go:120: Message from hoster 42 []
2022/07/19 02:46:12 main.go:120: Message from hoster 42 []
2022/07/19 02:46:12 main.go:120: Message from hoster 42 []
2022/07/19 02:46:12 main.go:120: Message from hoster 42 []
2022/07/19 02:46:12 main.go:120: Message from hoster 42 []
2022/07/19 02:46:12 main.go:120: Message from hoster 42 []
2022/07/19 02:46:12 main.go:120: Message from hoster 42 []
2022/07/19 02:46:12 main.go:120: Message from hoster 42 []
2022/07/19 02:46:12 main.go:120: Message from hoster 42 []
2022/07/19 02:46:12 main.go:120: Message from hoster 42 []
2022/07/19 02:46:12 main.go:120: Message from hoster 42 []
2022/07/19 02:46:12 main.go:120: Message from hoster 42 []
2022/07/19 02:46:12 main.go:120: Message from hoster 42 []
2022/07/19 02:46:12 main.go:120: Message from hoster 42 []
2022/07/19 02:46:12 main.go:120: Message from hoster 42 []
2022/07/19 02:46:12 main.go:120: Message from hoster 42 []
2022/07/19 02:46:12 main.go:120: Message from hoster 42 []
2022/07/19 02:46:12 main.go:120: Message from hoster 42 []
2022/07/19 02:46:12 main.go:120: Message from hoster 42 []
2022/07/19 02:46:12 main.go:120: Message from hoster 42 []
2022/07/19 02:46:12 main.go:120: Message from hoster 42 []
2022/07/19 02:46:12 main.go:120: Message from hoster 42 []
2022/07/19 02:46:12 main.go:120: Message from hoster 42 []
2022/07/19 02:46:12 main.go:120: Message from hoster 42 []
2022/07/19 02:46:12 main.go:120: Message from hoster 42 []
2022/07/19 02:46:12 main.go:120: Message from hoster 42 []
2022/07/19 02:46:12 main.go:120: Message from hoster 42 []
2022/07/19 02:46:12 main.go:120: Message from hoster 42 []
2022/07/19 02:46:12 main.go:120: Message from hoster 42 []
2022/07/19 02:46:12 main.go:120: Message from hoster 42 []
2022/07/19 02:46:12 main.go:120: Message from hoster 42 []
2022/07/19 02:46:12 main.go:120: Message from hoster 42 []
2022/07/19 02:46:12 main.go:120: Message from hoster 42 []
2022/07/19 02:46:12 main.go:120: Message from hoster 42 []
2022/07/19 02:46:12 main.go:120: Message from hoster 42 []
2022/07/19 02:46:12 main.go:120: Message from hoster 42 []
2022/07/19 02:46:12 main.go:120: Message from hoster 42 []
2022/07/19 02:46:12 main.go:120: Message from hoster 42 []
2022/07/19 02:46:12 main.go:120: Message from hoster 42 []
2022/07/19 02:46:12 main.go:120: Message from hoster 42 []
2022/07/19 02:46:12 main.go:120: Message from hoster 42 []
2022/07/19 02:46:12 main.go:120: Message from hoster 42 []
2022/07/19 02:46:12 main.go:120: Message from hoster 42 []
2022/07/19 02:46:12 main.go:120: Message from hoster 42 []
2022/07/19 02:46:12 main.go:120: Message from hoster 42 []
2022/07/19 02:46:12 main.go:120: Message from hoster 42 []
2022/07/19 02:46:12 main.go:120: Message from hoster 42 []
2022/07/19 02:46:12 main.go:120: Message from hoster 42 []
2022/07/19 02:46:12 main.go:120: Message from hoster 42 []
2022/07/19 02:46:12 main.go:120: Message from hoster 42 []
2022/07/19 02:46:12 main.go:120: Message from hoster 42 []
2022/07/19 02:46:12 main.go:120: Message from hoster 42 []
2022/07/19 02:46:12 main.go:120: Message from hoster 42 []
2022/07/19 02:46:12 main.go:120: Message from hoster 42 []
2022/07/19 02:46:12 main.go:120: Message from hoster 42 []
2022/07/19 02:46:12 main.go:120: Message from hoster 42 []
2022/07/19 02:46:12 main.go:120: Message from hoster 42 []
2022/07/19 02:46:12 main.go:120: Message from hoster 42 []
2022/07/19 02:46:12 main.go:120: Message from hoster 42 []
2022/07/19 02:46:12 main.go:120: Message from hoster 42 []
2022/07/19 02:46:12 main.go:120: Message from hoster 42 []
2022/07/19 02:46:12 main.go:120: Message from hoster 42 []
2022/07/19 02:46:12 main.go:120: Message from hoster 42 []
2022/07/19 02:46:12 main.go:120: Message from hoster 42 []
2022/07/19 02:46:12 main.go:120: Message from hoster 42 []
2022/07/19 02:46:12 main.go:120: Message from hoster 42 []
2022/07/19 02:46:12 main.go:120: Message from hoster 42 []
2022/07/19 02:46:12 main.go:120: Message from hoster 42 []
2022/07/19 02:46:12 main.go:120: Message from hoster 42 []
2022/07/19 02:46:12 main.go:120: Message from hoster 42 []
2022/07/19 02:46:12 main.go:120: Message from hoster 42 []
2022/07/19 02:46:12 main.go:120: Message from hoster 42 []
2022/07/19 02:46:12 main.go:120: Message from hoster 42 []
2022/07/19 02:46:12 main.go:120: Message from hoster 42 []
2022/07/19 02:46:12 main.go:120: Message from hoster 42 []
2022/07/19 02:46:12 main.go:120: Message from hoster 42 []
2022/07/19 02:46:12 main.go:120: Message from hoster 42 []
2022/07/19 02:46:12 main.go:120: Message from hoster 42 []
2022/07/19 02:46:12 main.go:120: Message from hoster 42 []
2022/07/19 02:46:12 main.go:120: Message from hoster 42 []
2022/07/19 02:46:12 main.go:120: Message from hoster 42 []
2022/07/19 02:46:12 main.go:120: Message from hoster 42 []
2022/07/19 02:46:12 main.go:120: Message from hoster 42 []
2022/07/19 02:46:12 main.go:120: Message from hoster 42 []
2022/07/19 02:46:12 main.go:120: Message from hoster 42 []
2022/07/19 02:46:12 main.go:120: Message from hoster 42 []
2022/07/19 02:46:12 main.go:120: Message from hoster 42 []
2022/07/19 02:46:12 main.go:120: Message from hoster 42 []
2022/07/19 02:46:12 main.go:120: Message from hoster 42 []
2022/07/19 02:46:12 main.go:120: Message from hoster 42 []
2022/07/19 02:46:12 main.go:120: Message from hoster 42 []
2022/07/19 02:46:12 main.go:120: Message from hoster 42 []
2022/07/19 02:46:12 main.go:120: Message from hoster 42 []
2022/07/19 02:46:12 main.go:120: Message from hoster 42 []
2022/07/19 02:46:12 main.go:120: Message from hoster 42 []
2022/07/19 02:46:12 main.go:120: Message from hoster 42 []
2022/07/19 02:46:12 main.go:120: Message from hoster 42 []
2022/07/19 02:46:12 main.go:120: Message from hoster 42 []
2022/07/19 02:46:12 main.go:120: Message from hoster 42 []
2022/07/19 02:46:12 main.go:120: Message from hoster 42 []
2022/07/19 02:46:12 main.go:120: Message from hoster 42 []
2022/07/19 02:46:12 main.go:120: Message from hoster 42 []
2022/07/19 02:46:12 main.go:120: Message from hoster 42 []
2022/07/19 02:46:12 main.go:120: Message from hoster 42 []
2022/07/19 02:46:12 main.go:120: Message from hoster 42 []
2022/07/19 02:46:12 main.go:120: Message from hoster 42 []
2022/07/19 02:46:12 main.go:120: Message from hoster 42 []
2022/07/19 02:46:12 main.go:120: Message from hoster 42 []
2022/07/19 02:46:12 main.go:120: Message from hoster 42 []
2022/07/19 02:46:12 main.go:120: Message from hoster 42 []
2022/07/19 02:46:12 main.go:120: Message from hoster 42 []
2022/07/19 02:46:12 main.go:120: Message from hoster 42 []
2022/07/19 02:46:12 main.go:120: Message from hoster 42 []
2022/07/19 02:46:12 main.go:120: Message from hoster 42 []
2022/07/19 02:46:12 main.go:120: Message from hoster 42 []
2022/07/19 02:46:12 main.go:120: Message from hoster 42 []
2022/07/19 02:46:12 main.go:120: Message from hoster 42 []
2022/07/19 02:46:12 main.go:120: Message from hoster 42 []
2022/07/19 02:46:12 main.go:120: Message from hoster 42 []
2022/07/19 02:46:12 main.go:120: Message from hoster 42 []
2022/07/19 02:46:12 main.go:120: Message from hoster 42 []
2022/07/19 02:46:12 main.go:120: Message from hoster 42 []
2022/07/19 02:46:12 main.go:120: Message from hoster 42 []
2022/07/19 02:46:12 main.go:120: Message from hoster 42 []
2022/07/19 02:46:12 main.go:120: Message from hoster 42 []
2022/07/19 02:46:12 main.go:120: Message from hoster 42 []
2022/07/19 02:46:12 main.go:120: Message from hoster 42 []
2022/07/19 02:46:12 main.go:120: Message from hoster 42 []
2022/07/19 02:46:12 main.go:120: Message from hoster 42 []
2022/07/19 02:46:12 main.go:120: Message from hoster 42 []
2022/07/19 02:46:12 main.go:120: Message from hoster 42 []
2022/07/19 02:46:12 main.go:120: Message from hoster 42 []
2022/07/19 02:46:12 main.go:120: Message from hoster 42 []
2022/07/19 02:46:12 main.go:120: Message from hoster 42 []
2022/07/19 02:46:12 main.go:120: Message from hoster 42 []
2022/07/19 02:46:12 main.go:120: Message from hoster 42 []
2022/07/19 02:46:12 main.go:120: Message from hoster 42 []
2022/07/19 02:46:12 main.go:120: Message from hoster 42 []
2022/07/19 02:46:12 main.go:120: Message from hoster 42 []
2022/07/19 02:46:12 main.go:120: Message from hoster 42 []
2022/07/19 02:46:12 main.go:120: Message from hoster 42 []
2022/07/19 02:46:12 main.go:120: Message from hoster 42 []
2022/07/19 02:46:12 main.go:120: Message from hoster 42 []
2022/07/19 02:46:12 main.go:120: Message from hoster 42 []
2022/07/19 02:46:12 main.go:120: Message from hoster 42 []
2022/07/19 02:46:12 main.go:120: Message from hoster 42 []
2022/07/19 02:46:12 main.go:120: Message from hoster 42 []
2022/07/19 02:46:12 main.go:120: Message from hoster 42 []
2022/07/19 02:46:12 main.go:120: Message from hoster 42 []
2022/07/19 02:46:12 main.go:120: Message from hoster 42 []
2022/07/19 02:46:12 main.go:120: Message from hoster 42 []
2022/07/19 02:46:12 main.go:120: Message from hoster 42 []
2022/07/19 02:46:12 main.go:120: Message from hoster 42 []
2022/07/19 02:46:12 main.go:120: Message from hoster 42 []
2022/07/19 02:46:12 main.go:120: Message from hoster 42 []
2022/07/19 02:46:12 main.go:120: Message from hoster 42 []
2022/07/19 02:46:12 main.go:120: Message from hoster 42 []
2022/07/19 02:46:12 main.go:120: Message from hoster 42 []
2022/07/19 02:46:12 main.go:120: Message from hoster 42 []
2022/07/19 02:46:12 main.go:120: Message from hoster 42 []
2022/07/19 02:46:12 main.go:120: Message from hoster 42 []
2022/07/19 02:46:12 main.go:120: Message from hoster 42 []
2022/07/19 02:46:12 main.go:120: Message from hoster 42 []
2022/07/19 02:46:12 main.go:120: Message from hoster 42 []
2022/07/19 02:46:12 main.go:120: Message from hoster 42 []
2022/07/19 02:46:12 main.go:120: Message from hoster 42 []
2022/07/19 02:46:12 main.go:120: Message from hoster 42 []
2022/07/19 02:46:12 main.go:120: Message from hoster 42 []
2022/07/19 02:46:12 main.go:120: Message from hoster 42 []
2022/07/19 02:46:12 main.go:120: Message from hoster 42 []
2022/07/19 02:46:12 main.go:120: Message from hoster 42 []
2022/07/19 02:46:12 main.go:120: Message from hoster 42 []
2022/07/19 02:46:12 main.go:120: Message from hoster 42 []
2022/07/19 02:46:12 main.go:120: Message from hoster 42 []
2022/07/19 02:46:12 main.go:120: Message from hoster 42 []
2022/07/19 02:46:12 main.go:120: Message from hoster 42 []
2022/07/19 02:46:12 main.go:120: Message from hoster 42 []
2022/07/19 02:46:12 main.go:120: Message from hoster 42 []
2022/07/19 02:46:12 main.go:120: Message from hoster 42 []
2022/07/19 02:46:12 main.go:120: Message from hoster 42 []
2022/07/19 02:46:12 main.go:120: Message from hoster 42 []
2022/07/19 02:46:12 main.go:120: Message from hoster 42 []
2022/07/19 02:46:12 main.go:120: Message from hoster 42 []
2022/07/19 02:46:12 main.go:120: Message from hoster 42 []
2022/07/19 02:46:12 main.go:120: Message from hoster 42 []
2022/07/19 02:46:12 main.go:120: Message from hoster 42 []
2022/07/19 02:46:12 main.go:120: Message from hoster 42 []
2022/07/19 02:46:12 main.go:120: Message from hoster 42 []
2022/07/19 02:46:12 main.go:120: Message from hoster 42 []
2022/07/19 02:46:12 main.go:120: Message from hoster 42 []
2022/07/19 02:46:12 main.go:120: Message from hoster 42 []
2022/07/19 02:46:12 main.go:120: Message from hoster 42 []
2022/07/19 02:46:12 main.go:120: Message from hoster 42 []
2022/07/19 02:46:12 main.go:120: Message from hoster 42 []
2022/07/19 02:46:12 main.go:120: Message from hoster 42 []
2022/07/19 02:46:12 main.go:120: Message from hoster 42 []
2022/07/19 02:46:12 main.go:120: Message from hoster 42 []
2022/07/19 02:46:12 main.go:120: Message from hoster 42 []
2022/07/19 02:46:12 main.go:120: Message from hoster 42 []
2022/07/19 02:46:12 main.go:120: Message from hoster 42 []
2022/07/19 02:46:12 main.go:120: Message from hoster 42 []
2022/07/19 02:46:12 main.go:120: Message from hoster 42 []
2022/07/19 02:46:12 main.go:120: Message from hoster 42 []
2022/07/19 02:46:12 main.go:120: Message from hoster 42 []
2022/07/19 02:46:12 main.go:120: Message from hoster 42 []
2022/07/19 02:46:12 main.go:120: Message from hoster 42 []
2022/07/19 02:46:12 main.go:120: Message from hoster 42 []
2022/07/19 02:46:12 main.go:120: Message from hoster 42 []
2022/07/19 02:46:12 main.go:120: Message from hoster 42 []
2022/07/19 02:46:12 main.go:120: Message from hoster 42 []
2022/07/19 02:46:12 main.go:120: Message from hoster 42 []
2022/07/19 02:46:12 main.go:120: Message from hoster 42 []
2022/07/19 02:46:12 main.go:120: Message from hoster 42 []
2022/07/19 02:46:12 main.go:120: Message from hoster 42 []
2022/07/19 02:46:12 main.go:120: Message from hoster 42 []
2022/07/19 02:46:12 main.go:120: Message from hoster 42 []
2022/07/19 02:46:12 main.go:120: Message from hoster 42 []
2022/07/19 02:46:12 main.go:120: Message from hoster 42 []
2022/07/19 02:46:12 main.go:120: Message from hoster 42 []
2022/07/19 02:46:12 main.go:120: Message from hoster 42 []
2022/07/19 02:46:12 main.go:120: Message from hoster 42 []
2022/07/19 02:46:12 main.go:120: Message from hoster 42 []
2022/07/19 02:46:12 main.go:120: Message from hoster 42 []
2022/07/19 02:46:12 main.go:120: Message from hoster 42 []
2022/07/19 02:46:12 main.go:120: Message from hoster 42 []
2022/07/19 02:46:12 main.go:120: Message from hoster 42 []
2022/07/19 02:46:12 main.go:120: Message from hoster 42 []
2022/07/19 02:46:12 main.go:120: Message from hoster 42 []
2022/07/19 02:46:12 main.go:120: Message from hoster 42 []
2022/07/19 02:46:12 main.go:120: Message from hoster 42 []
2022/07/19 02:46:12 main.go:120: Message from hoster 42 []
2022/07/19 02:46:12 main.go:120: Message from hoster 42 []
2022/07/19 02:46:12 main.go:120: Message from hoster 42 []
2022/07/19 02:46:12 main.go:120: Message from hoster 42 []
2022/07/19 02:46:12 main.go:120: Message from hoster 42 []
2022/07/19 02:46:12 main.go:120: Message from hoster 42 []
2022/07/19 02:46:12 main.go:120: Message from hoster 42 []
2022/07/19 02:46:12 main.go:120: Message from hoster 42 []
2022/07/19 02:46:12 main.go:120: Message from hoster 42 []
2022/07/19 02:46:12 main.go:120: Message from hoster 42 []
2022/07/19 02:46:12 main.go:120: Message from hoster 42 []
2022/07/19 02:46:12 main.go:120: Message from hoster 42 []
2022/07/19 02:46:12 main.go:120: Message from hoster 42 []
2022/07/19 02:46:12 main.go:120: Message from hoster 42 []
2022/07/19 02:46:12 main.go:120: Message from hoster 42 []
2022/07/19 02:46:12 main.go:120: Message from hoster 42 []
2022/07/19 02:46:12 main.go:120: Message from hoster 42 []
2022/07/19 02:46:12 main.go:120: Message from hoster 42 []
2022/07/19 02:46:12 main.go:120: Message from hoster 42 []
2022/07/19 02:46:12 main.go:120: Message from hoster 42 []
2022/07/19 02:46:12 main.go:120: Message from hoster 42 []
2022/07/19 02:46:12 main.go:120: Message from hoster 42 []
2022/07/19 02:46:12 main.go:120: Message from hoster 42 []
2022/07/19 02:46:12 main.go:120: Message from hoster 42 []
2022/07/19 02:46:12 main.go:120: Message from hoster 42 []
2022/07/19 02:46:12 main.go:120: Message from hoster 42 []
2022/07/19 02:46:12 main.go:120: Message from hoster 42 []
2022/07/19 02:46:12 main.go:120: Message from hoster 42 []
2022/07/19 02:46:12 main.go:120: Message from hoster 42 []
2022/07/19 02:46:12 main.go:120: Message from hoster 42 []
2022/07/19 02:46:12 main.go:120: Message from hoster 42 []
2022/07/19 02:46:12 main.go:120: Message from hoster 42 []
2022/07/19 02:46:12 main.go:120: Message from hoster 42 []
2022/07/19 02:46:12 main.go:120: Message from hoster 42 []
2022/07/19 02:46:12 main.go:120: Message from hoster 42 []
2022/07/19 02:46:12 main.go:120: Message from hoster 42 []
2022/07/19 02:46:12 main.go:120: Message from hoster 42 []
2022/07/19 02:46:12 main.go:120: Message from hoster 42 []
2022/07/19 02:46:12 main.go:120: Message from hoster 42 []
2022/07/19 02:46:12 main.go:120: Message from hoster 42 []
2022/07/19 02:46:12 main.go:120: Message from hoster 42 []
2022/07/19 02:46:12 main.go:120: Message from hoster 42 []
2022/07/19 02:46:12 main.go:120: Message from hoster 42 []
2022/07/19 02:46:12 main.go:120: Message from hoster 42 []
2022/07/19 02:46:12 main.go:120: Message from hoster 42 []
2022/07/19 02:46:12 main.go:120: Message from hoster 42 []
2022/07/19 02:46:12 main.go:120: Message from hoster 42 []
2022/07/19 02:46:12 main.go:120: Message from hoster 42 []
2022/07/19 02:46:12 main.go:120: Message from hoster 42 []
2022/07/19 02:46:12 main.go:120: Message from hoster 42 []
2022/07/19 02:46:12 main.go:120: Message from hoster 42 []
2022/07/19 02:46:12 main.go:120: Message from hoster 42 []
2022/07/19 02:46:12 main.go:120: Message from hoster 42 []
2022/07/19 02:46:12 main.go:120: Message from hoster 42 []
2022/07/19 02:46:12 main.go:120: Message from hoster 42 []
2022/07/19 02:46:12 main.go:120: Message from hoster 42 []
2022/07/19 02:46:12 main.go:120: Message from hoster 42 []
2022/07/19 02:46:12 main.go:120: Message from hoster 42 []
2022/07/19 02:46:12 main.go:120: Message from hoster 42 []
2022/07/19 02:46:12 main.go:120: Message from hoster 42 []
2022/07/19 02:46:12 main.go:120: Message from hoster 42 []
2022/07/19 02:46:12 main.go:120: Message from hoster 42 []
2022/07/19 02:46:12 main.go:120: Message from hoster 42 []
2022/07/19 02:46:12 main.go:120: Message from hoster 42 []
2022/07/19 02:46:12 main.go:120: Message from hoster 42 []
2022/07/19 02:46:12 main.go:120: Message from hoster 42 []
2022/07/19 02:46:12 main.go:120: Message from hoster 42 []
2022/07/19 02:46:12 main.go:120: Message from hoster 42 []
2022/07/19 02:46:12 main.go:120: Message from hoster 42 []
2022/07/19 02:46:12 main.go:120: Message from hoster 42 []
2022/07/19 02:46:12 main.go:120: Message from hoster 42 []
2022/07/19 02:46:12 main.go:120: Message from hoster 42 []
2022/07/19 02:46:12 main.go:120: Message from hoster 42 []
2022/07/19 02:46:12 main.go:120: Message from hoster 42 []
2022/07/19 02:46:12 main.go:120: Message from hoster 42 []
2022/07/19 02:46:12 main.go:120: Message from hoster 42 []
2022/07/19 02:46:12 main.go:120: Message from hoster 42 []
2022/07/19 02:46:12 main.go:120: Message from hoster 42 []
2022/07/19 02:46:12 main.go:120: Message from hoster 42 []
2022/07/19 02:46:12 main.go:120: Message from hoster 42 []
2022/07/19 02:46:12 main.go:120: Message from hoster 42 []
2022/07/19 02:46:12 main.go:120: Message from hoster 42 []
2022/07/19 02:46:12 main.go:120: Message from hoster 42 []
2022/07/19 02:46:12 main.go:120: Message from hoster 42 []
2022/07/19 02:46:12 main.go:120: Message from hoster 42 []
2022/07/19 02:46:12 main.go:120: Message from hoster 42 []
2022/07/19 02:46:12 main.go:120: Message from hoster 42 []
2022/07/19 02:46:12 main.go:120: Message from hoster 42 []
2022/07/19 02:46:12 main.go:120: Message from hoster 42 []
2022/07/19 02:46:12 main.go:120: Message from hoster 42 []
2022/07/19 02:46:12 main.go:120: Message from hoster 42 []
2022/07/19 02:46:12 main.go:120: Message from hoster 42 []
2022/07/19 02:46:12 main.go:120: Message from hoster 42 []
2022/07/19 02:46:12 main.go:120: Message from hoster 42 []
2022/07/19 02:46:12 main.go:120: Message from hoster 42 []
2022/07/19 02:46:12 main.go:120: Message from hoster 42 []
2022/07/19 02:46:12 main.go:120: Message from hoster 42 []
2022/07/19 02:46:12 main.go:120: Message from hoster 42 []
2022/07/19 02:46:12 main.go:120: Message from hoster 42 []
2022/07/19 02:46:12 main.go:120: Message from hoster 42 []
2022/07/19 02:46:12 main.go:120: Message from hoster 42 []
2022/07/19 02:46:12 main.go:120: Message from hoster 42 []
2022/07/19 02:46:12 main.go:120: Message from hoster 42 []
2022/07/19 02:46:12 main.go:120: Message from hoster 42 []
2022/07/19 02:46:12 main.go:120: Message from hoster 42 []
2022/07/19 02:46:12 main.go:120: Message from hoster 42 []
2022/07/19 02:46:12 main.go:120: Message from hoster 42 []
2022/07/19 02:46:12 main.go:120: Message from hoster 42 []
2022/07/19 02:46:12 main.go:120: Message from hoster 42 []
2022/07/19 02:46:12 main.go:120: Message from hoster 42 []
2022/07/19 02:46:12 main.go:120: Message from hoster 42 []
2022/07/19 02:46:12 main.go:120: Message from hoster 42 []
2022/07/19 02:46:12 main.go:120: Message from hoster 42 []
2022/07/19 02:46:12 main.go:120: Message from hoster 42 []
2022/07/19 02:46:12 main.go:120: Message from hoster 42 []
2022/07/19 02:46:12 main.go:120: Message from hoster 42 []
2022/07/19 02:46:12 main.go:120: Message from hoster 42 []
2022/07/19 02:46:12 main.go:120: Message from hoster 42 []
2022/07/19 02:46:12 main.go:120: Message from hoster 42 []
2022/07/19 02:46:12 main.go:120: Message from hoster 42 []
2022/07/19 02:46:12 main.go:120: Message from hoster 42 []
2022/07/19 02:46:12 main.go:120: Message from hoster 42 []
2022/07/19 02:46:12 main.go:120: Message from hoster 42 []
2022/07/19 02:46:12 main.go:120: Message from hoster 42 []
2022/07/19 02:46:12 main.go:120: Message from hoster 42 []
2022/07/19 02:46:12 main.go:120: Message from hoster 42 []
2022/07/19 02:46:12 main.go:120: Message from hoster 42 []
2022/07/19 02:46:12 main.go:120: Message from hoster 42 []
2022/07/19 02:46:12 main.go:120: Message from hoster 42 []
2022/07/19 02:46:12 main.go:120: Message from hoster 42 []
2022/07/19 02:46:12 main.go:120: Message from hoster 42 []
2022/07/19 02:46:12 main.go:120: Message from hoster 42 []
2022/07/19 02:46:12 main.go:120: Message from hoster 42 []
2022/07/19 02:46:12 main.go:120: Message from hoster 42 []
2022/07/19 02:46:12 main.go:120: Message from hoster 42 []
2022/07/19 02:46:12 main.go:120: Message from hoster 42 []
2022/07/19 02:46:12 main.go:120: Message from hoster 42 []
2022/07/19 02:46:12 main.go:120: Message from hoster 42 []
2022/07/19 02:46:12 main.go:120: Message from hoster 42 []
2022/07/19 02:46:12 main.go:120: Message from hoster 42 []
2022/07/19 02:46:12 main.go:120: Message from hoster 42 []
2022/07/19 02:46:12 main.go:120: Message from hoster 42 []
2022/07/19 02:46:12 main.go:120: Message from hoster 42 []
2022/07/19 02:46:12 main.go:120: Message from hoster 42 []
2022/07/19 02:46:12 main.go:120: Message from hoster 42 []
2022/07/19 02:46:12 main.go:120: Message from hoster 42 []
2022/07/19 02:46:12 main.go:120: Message from hoster 42 []
2022/07/19 02:46:12 main.go:120: Message from hoster 42 []
2022/07/19 02:46:12 main.go:120: Message from hoster 42 []
2022/07/19 02:46:12 main.go:120: Message from hoster 42 []
2022/07/19 02:46:12 main.go:120: Message from hoster 42 []
2022/07/19 02:46:12 main.go:120: Message from hoster 42 []
2022/07/19 02:46:12 main.go:120: Message from hoster 42 []
2022/07/19 02:46:12 main.go:120: Message from hoster 42 []
2022/07/19 02:46:12 main.go:120: Message from hoster 42 []
2022/07/19 02:46:12 main.go:120: Message from hoster 42 []
2022/07/19 02:46:12 main.go:120: Message from hoster 42 []
2022/07/19 02:46:12 main.go:120: Message from hoster 42 []
2022/07/19 02:46:12 main.go:120: Message from hoster 42 []
2022/07/19 02:46:12 main.go:120: Message from hoster 42 []
2022/07/19 02:46:12 main.go:120: Message from hoster 42 []
2022/07/19 02:46:12 main.go:120: Message from hoster 42 []
2022/07/19 02:46:12 main.go:120: Message from hoster 42 []
2022/07/19 02:46:12 main.go:120: Message from hoster 42 []
2022/07/19 02:46:12 main.go:120: Message from hoster 42 []
2022/07/19 02:46:12 main.go:120: Message from hoster 42 []
2022/07/19 02:46:12 main.go:120: Message from hoster 42 []
2022/07/19 02:46:12 main.go:120: Message from hoster 42 []
2022/07/19 02:46:12 main.go:120: Message from hoster 42 []
2022/07/19 02:46:12 main.go:120: Message from hoster 42 []
2022/07/19 02:46:12 main.go:120: Message from hoster 42 []
2022/07/19 02:46:12 main.go:120: Message from hoster 42 []
2022/07/19 02:46:12 main.go:120: Message from hoster 42 []
2022/07/19 02:46:12 main.go:120: Message from hoster 42 []
2022/07/19 02:46:12 main.go:120: Message from hoster 42 []
2022/07/19 02:46:12 main.go:120: Message from hoster 42 []
2022/07/19 02:46:12 main.go:120: Message from hoster 42 []
2022/07/19 02:46:12 main.go:120: Message from hoster 42 []
2022/07/19 02:46:12 main.go:120: Message from hoster 42 []
2022/07/19 02:46:12 main.go:120: Message from hoster 42 []
2022/07/19 02:46:12 main.go:120: Message from hoster 42 []
2022/07/19 02:46:12 main.go:120: Message from hoster 42 []
2022/07/19 02:46:12 main.go:120: Message from hoster 42 []
2022/07/19 02:46:12 main.go:120: Message from hoster 42 []
2022/07/19 02:46:12 main.go:120: Message from hoster 42 []
2022/07/19 02:46:12 main.go:120: Message from hoster 42 []
2022/07/19 02:46:12 main.go:120: Message from hoster 42 []
2022/07/19 02:46:12 main.go:120: Message from hoster 42 []
2022/07/19 02:46:12 main.go:120: Message from hoster 42 []
2022/07/19 02:46:12 main.go:120: Message from hoster 42 []
2022/07/19 02:46:12 main.go:120: Message from hoster 42 []
2022/07/19 02:46:12 main.go:120: Message from hoster 42 []
2022/07/19 02:46:12 main.go:120: Message from hoster 42 []
2022/07/19 02:46:12 main.go:120: Message from hoster 42 []
2022/07/19 02:46:12 main.go:120: Message from hoster 42 []
2022/07/19 02:46:12 main.go:120: Message from hoster 42 []
2022/07/19 02:46:12 main.go:120: Message from hoster 42 []
2022/07/19 02:46:12 main.go:120: Message from hoster 42 []
2022/07/19 02:46:12 main.go:120: Message from hoster 42 []
2022/07/19 02:46:12 main.go:120: Message from hoster 42 []
2022/07/19 02:46:12 main.go:120: Message from hoster 42 []
2022/07/19 02:46:12 main.go:120: Message from hoster 42 []
2022/07/19 02:46:12 main.go:120: Message from hoster 42 []
2022/07/19 02:46:12 main.go:120: Message from hoster 42 []
2022/07/19 02:46:12 main.go:120: Message from hoster 42 []
2022/07/19 02:46:12 main.go:120: Message from hoster 42 []
2022/07/19 02:46:12 main.go:120: Message from hoster 42 []
2022/07/19 02:46:12 main.go:120: Message from hoster 42 []
2022/07/19 02:46:12 main.go:120: Message from hoster 42 []
2022/07/19 02:46:12 main.go:120: Message from hoster 42 []
2022/07/19 02:46:12 main.go:120: Message from hoster 42 []
2022/07/19 02:46:12 main.go:120: Message from hoster 42 []
2022/07/19 02:46:12 main.go:120: Message from hoster 42 []
2022/07/19 02:46:12 main.go:120: Message from hoster 42 []
2022/07/19 02:46:12 main.go:120: Message from hoster 42 []
2022/07/19 02:46:12 main.go:120: Message from hoster 42 []
2022/07/19 02:46:12 main.go:120: Message from hoster 42 []
2022/07/19 02:46:12 main.go:120: Message from hoster 42 []
2022/07/19 02:46:12 main.go:120: Message from hoster 42 []
2022/07/19 02:46:12 main.go:120: Message from hoster 42 []
2022/07/19 02:46:12 main.go:120: Message from hoster 42 []
2022/07/19 02:46:12 main.go:120: Message from hoster 42 []
2022/07/19 02:46:12 main.go:120: Message from hoster 42 []
2022/07/19 02:46:12 main.go:120: Message from hoster 42 []
2022/07/19 02:46:12 main.go:120: Message from hoster 42 []
2022/07/19 02:46:12 main.go:120: Message from hoster 42 []
2022/07/19 02:46:12 main.go:120: Message from hoster 42 []
2022/07/19 02:46:12 main.go:120: Message from hoster 42 []
2022/07/19 02:46:12 main.go:120: Message from hoster 42 []
2022/07/19 02:46:12 main.go:120: Message from hoster 42 []
2022/07/19 02:46:12 main.go:120: Message from hoster 42 []
2022/07/19 02:46:12 main.go:120: Message from hoster 42 []
2022/07/19 02:46:12 main.go:120: Message from hoster 42 []
2022/07/19 02:46:12 main.go:120: Message from hoster 42 []
2022/07/19 02:46:12 main.go:120: Message from hoster 42 []
2022/07/19 02:46:12 main.go:120: Message from hoster 42 []
2022/07/19 02:46:12 main.go:120: Message from hoster 42 []
2022/07/19 02:46:12 main.go:120: Message from hoster 42 []
2022/07/19 02:46:12 main.go:120: Message from hoster 42 []
2022/07/19 02:46:12 main.go:120: Message from hoster 42 []
2022/07/19 02:46:12 main.go:120: Message from hoster 42 []
2022/07/19 02:46:12 main.go:120: Message from hoster 42 []
2022/07/19 02:46:12 main.go:120: Message from hoster 42 []
2022/07/19 02:46:12 main.go:120: Message from hoster 42 []
2022/07/19 02:46:12 main.go:120: Message from hoster 42 []
2022/07/19 02:46:12 main.go:120: Message from hoster 42 []
2022/07/19 02:46:12 main.go:120: Message from hoster 42 []
2022/07/19 02:46:12 main.go:120: Message from hoster 42 []
2022/07/19 02:46:12 main.go:120: Message from hoster 42 []
2022/07/19 02:46:12 main.go:120: Message from hoster 42 []
2022/07/19 02:46:12 main.go:120: Message from hoster 42 []
2022/07/19 02:46:12 main.go:120: Message from hoster 42 []
2022/07/19 02:46:12 main.go:120: Message from hoster 42 []
2022/07/19 02:46:12 main.go:120: Message from hoster 42 []
2022/07/19 02:46:12 main.go:120: Message from hoster 42 []
2022/07/19 02:46:12 main.go:120: Message from hoster 42 []
2022/07/19 02:46:12 main.go:120: Message from hoster 42 []
2022/07/19 02:46:12 main.go:120: Message from hoster 42 []
2022/07/19 02:46:12 main.go:120: Message from hoster 42 []
2022/07/19 02:46:12 main.go:120: Message from hoster 42 []
2022/07/19 02:46:12 main.go:120: Message from hoster 42 []
2022/07/19 02:46:12 main.go:120: Message from hoster 42 []
2022/07/19 02:46:12 main.go:120: Message from hoster 42 []
2022/07/19 02:46:12 main.go:120: Message from hoster 42 []
2022/07/19 02:46:12 main.go:120: Message from hoster 42 []
2022/07/19 02:46:12 main.go:120: Message from hoster 42 []
2022/07/19 02:46:12 main.go:120: Message from hoster 42 []
2022/07/19 02:46:12 main.go:120: Message from hoster 42 []
2022/07/19 02:46:12 main.go:120: Message from hoster 42 []
2022/07/19 02:46:12 main.go:120: Message from hoster 42 []
2022/07/19 02:46:12 main.go:120: Message from hoster 42 []
2022/07/19 02:46:12 main.go:120: Message from hoster 42 []
2022/07/19 02:46:12 main.go:120: Message from hoster 42 []
2022/07/19 02:46:12 main.go:120: Message from hoster 42 []
2022/07/19 02:46:12 main.go:120: Message from hoster 42 []
2022/07/19 02:46:12 main.go:120: Message from hoster 42 []
2022/07/19 02:46:12 main.go:120: Message from hoster 42 []
2022/07/19 02:46:12 main.go:120: Message from hoster 42 []
2022/07/19 02:46:12 main.go:120: Message from hoster 42 []
2022/07/19 02:46:12 main.go:120: Message from hoster 42 []
2022/07/19 02:46:12 main.go:120: Message from hoster 42 []
2022/07/19 02:46:12 main.go:120: Message from hoster 42 []
2022/07/19 02:46:12 main.go:120: Message from hoster 42 []
2022/07/19 02:46:12 main.go:120: Message from hoster 42 []
2022/07/19 02:46:12 main.go:120: Message from hoster 42 []
2022/07/19 02:46:12 main.go:120: Message from hoster 42 []
2022/07/19 02:46:12 main.go:120: Message from hoster 42 []
2022/07/19 02:46:12 main.go:120: Message from hoster 42 []
2022/07/19 02:46:12 main.go:120: Message from hoster 42 []
2022/07/19 02:46:12 main.go:120: Message from hoster 42 []
2022/07/19 02:46:12 main.go:120: Message from hoster 42 []
2022/07/19 02:46:12 main.go:120: Message from hoster 42 []
2022/07/19 02:46:12 main.go:120: Message from hoster 42 []
2022/07/19 02:46:12 main.go:120: Message from hoster 42 []
2022/07/19 02:46:12 main.go:120: Message from hoster 42 []
2022/07/19 02:46:12 main.go:120: Message from hoster 42 []
2022/07/19 02:46:12 main.go:120: Message from hoster 42 []
2022/07/19 02:46:12 main.go:120: Message from hoster 42 []
2022/07/19 02:46:12 main.go:120: Message from hoster 42 []
2022/07/19 02:46:12 main.go:120: Message from hoster 42 []
2022/07/19 02:46:12 main.go:120: Message from hoster 42 []
2022/07/19 02:46:12 main.go:120: Message from hoster 42 []
2022/07/19 02:46:12 main.go:120: Message from hoster 42 []
2022/07/19 02:46:12 main.go:120: Message from hoster 42 []
2022/07/19 02:46:12 main.go:120: Message from hoster 42 []
2022/07/19 02:46:12 main.go:120: Message from hoster 42 []
2022/07/19 02:46:12 main.go:120: Message from hoster 42 []
2022/07/19 02:46:12 main.go:120: Message from hoster 42 []
2022/07/19 02:46:12 main.go:120: Message from hoster 42 []
2022/07/19 02:46:12 main.go:120: Message from hoster 42 []
2022/07/19 02:46:12 main.go:120: Message from hoster 42 []
2022/07/19 02:46:12 main.go:120: Message from hoster 42 []
2022/07/19 02:46:12 main.go:120: Message from hoster 42 []
2022/07/19 02:46:12 main.go:120: Message from hoster 42 []
2022/07/19 02:46:12 main.go:120: Message from hoster 42 []
2022/07/19 02:46:12 main.go:120: Message from hoster 42 []
2022/07/19 02:46:12 main.go:120: Message from hoster 42 []
2022/07/19 02:46:12 main.go:120: Message from hoster 42 []
2022/07/19 02:46:12 main.go:120: Message from hoster 42 []
2022/07/19 02:46:12 main.go:120: Message from hoster 42 []
2022/07/19 02:46:12 main.go:120: Message from hoster 42 []
2022/07/19 02:46:12 main.go:120: Message from hoster 42 []
2022/07/19 02:46:12 main.go:120: Message from hoster 42 []
2022/07/19 02:46:12 main.go:120: Message from hoster 42 []
2022/07/19 02:46:12 main.go:120: Message from hoster 42 []
2022/07/19 02:46:12 main.go:120: Message from hoster 42 []
2022/07/19 02:46:12 main.go:120: Message from hoster 42 []
2022/07/19 02:46:12 main.go:120: Message from hoster 42 []
2022/07/19 02:46:12 main.go:120: Message from hoster 42 []
2022/07/19 02:46:12 main.go:120: Message from hoster 42 []
2022/07/19 02:46:12 main.go:120: Message from hoster 42 []
2022/07/19 02:46:12 main.go:120: Message from hoster 42 []
2022/07/19 02:46:12 main.go:120: Message from hoster 42 []
2022/07/19 02:46:12 main.go:120: Message from hoster 42 []
2022/07/19 02:46:12 main.go:120: Message from hoster 42 []
2022/07/19 02:46:12 main.go:120: Message from hoster 42 []
2022/07/19 02:46:12 main.go:120: Message from hoster 42 []
2022/07/19 02:46:12 main.go:120: Message from hoster 42 []
2022/07/19 02:46:12 main.go:120: Message from hoster 42 []
2022/07/19 02:46:12 main.go:120: Message from hoster 42 []
2022/07/19 02:46:12 main.go:120: Message from hoster 42 []
2022/07/19 02:46:12 main.go:120: Message from hoster 42 []
2022/07/19 02:46:12 main.go:120: Message from hoster 42 []
2022/07/19 02:46:12 main.go:120: Message from hoster 42 []
2022/07/19 02:46:12 main.go:120: Message from hoster 42 []
2022/07/19 02:46:12 main.go:120: Message from hoster 42 []
2022/07/19 02:46:12 main.go:120: Message from hoster 42 []
2022/07/19 02:46:12 main.go:120: Message from hoster 42 []
2022/07/19 02:46:12 main.go:120: Message from hoster 42 []
2022/07/19 02:46:12 main.go:120: Message from hoster 42 []
2022/07/19 02:46:12 main.go:120: Message from hoster 42 []
2022/07/19 02:47:15 main.go:55: Multihoster2 controller starting up...
2022/07/19 02:47:15 main.go:57: Launching websocket hub...
2022/07/19 02:47:15 main.go:60: Launching message processor...
2022/07/19 02:47:15 main.go:63: Launching web server...
2022/07/19 02:47:15 main.go:72: Startup completed
2022/07/19 02:47:16 main.go:109: Accepted hoster 42 from 127.0.0.1:45900
2022/07/19 02:47:17 main.go:120: Message from hoster 42 [50 48 50 50 45 48 55 45 49 57 32 48 50 58 52 55 58 49 55 46 56 49 54 51 49 57 55 54 50 32 43 48 51 48 48 32 77 83 75 32 109 61 43 49 46 48 48 49 53 53 51 52 52 53]
2022/07/19 02:47:18 main.go:120: Message from hoster 42 [50 48 50 50 45 48 55 45 49 57 32 48 50 58 52 55 58 49 56 46 56 49 54 49 49 55 49 55 53 32 43 48 51 48 48 32 77 83 75 32 109 61 43 50 46 48 48 49 51 53 48 56 53 57]
2022/07/19 02:47:19 main.go:120: Message from hoster 42 [50 48 50 50 45 48 55 45 49 57 32 48 50 58 52 55 58 49 57 46 56 49 54 52 54 55 53 50 55 32 43 48 51 48 48 32 77 83 75 32 109 61 43 51 46 48 48 49 55 48 49 50 49 49]
2022/07/19 02:47:20 main.go:120: Message from hoster 42 [50 48 50 50 45 48 55 45 49 57 32 48 50 58 52 55 58 50 48 46 56 49 54 52 56 57 52 57 49 32 43 48 51 48 48 32 77 83 75 32 109 61 43 52 46 48 48 49 55 50 51 49 55 52]
2022/07/19 02:47:21 main.go:120: Message from hoster 42 [50 48 50 50 45 48 55 45 49 57 32 48 50 58 52 55 58 50 49 46 56 49 54 53 48 57 48 54 51 32 43 48 51 48 48 32 77 83 75 32 109 61 43 53 46 48 48 49 55 52 50 55 53 50]
2022/07/19 02:47:22 main.go:120: Message from hoster 42 [50 48 50 50 45 48 55 45 49 57 32 48 50 58 52 55 58 50 50 46 56 49 54 53 50 56 54 48 49 32 43 48 51 48 48 32 77 83 75 32 109 61 43 54 46 48 48 49 55 54 50 50 56 50]
2022/07/19 02:48:02 main.go:109: Accepted hoster 42 from 127.0.0.1:45902
2022/07/19 02:48:03 main.go:120: Message from hoster 42 [50 48 50 50 45 48 55 45 49 57 32 48 50 58 52 56 58 48 51 46 49 48 52 53 55 52 55 55 53 32 43 48 51 48 48 32 77 83 75 32 109 61 43 49 46 48 48 49 50 48 54 56 55 57]
2022/07/19 02:48:04 main.go:120: Message from hoster 42 [50 48 50 50 45 48 55 45 49 57 32 48 50 58 52 56 58 48 52 46 49 48 52 54 48 52 57 57 54 32 43 48 51 48 48 32 77 83 75 32 109 61 43 50 46 48 48 49 50 51 55 49 48 49]
2022/07/19 02:48:05 main.go:120: Message from hoster 42 [50 48 50 50 45 48 55 45 49 57 32 48 50 58 52 56 58 48 53 46 49 48 52 54 54 51 48 54 49 32 43 48 51 48 48 32 77 83 75 32 109 61 43 51 46 48 48 49 50 57 53 49 54 53]
2022/07/19 02:48:06 main.go:120: Message from hoster 42 [50 48 50 50 45 48 55 45 49 57 32 48 50 58 52 56 58 48 54 46 49 48 52 55 49 52 55 52 51 32 43 48 51 48 48 32 77 83 75 32 109 61 43 52 46 48 48 49 51 52 54 56 52 56]
2022/07/19 02:48:07 main.go:120: Message from hoster 42 [50 48 50 50 45 48 55 45 49 57 32 48 50 58 52 56 58 48 55 46 49 48 52 55 51 54 49 48 55 32 43 48 51 48 48 32 77 83 75 32 109 61 43 53 46 48 48 49 51 54 56 50 49 48]
2022/07/19 02:48:09 main.go:74: Shutting down web server...
2022/07/19 02:48:09 main.go:70: http: Server closed
2022/07/19 02:48:09 main.go:82: Shutting down websocket hub...
2022/07/19 02:48:09 main.go:85: Shutting down message processor...
2022/07/19 02:48:09 main.go:87: Bye!
2022/07/19 02:48:10 main.go:55: Multihoster2 controller starting up...
2022/07/19 02:48:10 main.go:57: Launching websocket hub...
2022/07/19 02:48:10 main.go:60: Launching message processor...
2022/07/19 02:48:10 main.go:63: Launching web server...
2022/07/19 02:48:10 main.go:72: Startup completed
2022/07/19 02:48:12 main.go:109: Accepted hoster 42 from 127.0.0.1:45904
2022/07/19 02:48:13 main.go:120: Message from hoster 42 [50 48 50 50 45 48 55 45 49 57 32 48 50 58 52 56 58 49 51 46 55 52 54 56 56 56 52 56 50 32 43 48 51 48 48 32 77 83 75 32 109 61 43 49 46 48 48 49 51 55 48 48 54 51]
2022/07/19 02:48:14 main.go:120: Message from hoster 42 [50 48 50 50 45 48 55 45 49 57 32 48 50 58 52 56 58 49 52 46 55 52 54 57 53 51 56 57 54 32 43 48 51 48 48 32 77 83 75 32 109 61 43 50 46 48 48 49 52 51 53 52 56 50]
2022/07/19 02:48:15 main.go:120: Message from hoster 42 [50 48 50 50 45 48 55 45 49 57 32 48 50 58 52 56 58 49 53 46 55 52 54 55 56 56 50 51 56 32 43 48 51 48 48 32 77 83 75 32 109 61 43 51 46 48 48 49 50 54 57 56 49 57]
2022/07/19 02:48:16 main.go:120: Message from hoster 42 [50 48 50 50 45 48 55 45 49 57 32 48 50 58 52 56 58 49 54 46 55 52 54 57 51 56 51 57 51 32 43 48 51 48 48 32 77 83 75 32 109 61 43 52 46 48 48 49 52 49 57 57 55 52]
2022/07/19 02:48:17 main.go:120: Message from hoster 42 [50 48 50 50 45 48 55 45 49 57 32 48 50 58 52 56 58 49 55 46 55 52 54 56 48 49 50 52 55 32 43 48 51 48 48 32 77 83 75 32 109 61 43 53 46 48 48 49 50 56 50 56 50 57]
2022/07/19 02:48:18 hoster.go:28: Hoster 42 dissconnected
2022/07/19 02:48:49 main.go:109: Accepted hoster 42 from 127.0.0.1:45906
2022/07/19 02:48:50 main.go:120: Message from hoster 42 [50 48 50 50 45 48 55 45 49 57 32 48 50 58 52 56 58 53 48 46 55 50 51 51 57 51 49 53 32 43 48 51 48 48 32 77 83 75 32 109 61 43 49 46 48 48 49 48 56 55 54 51 55]
2022/07/19 02:48:51 main.go:120: Message from hoster 42 [50 48 50 50 45 48 55 45 49 57 32 48 50 58 52 56 58 53 49 46 55 50 52 50 56 56 54 57 53 32 43 48 51 48 48 32 77 83 75 32 109 61 43 50 46 48 48 49 57 56 51 49 55 52]
2022/07/19 02:48:52 main.go:120: Message from hoster 42 [50 48 50 50 45 48 55 45 49 57 32 48 50 58 52 56 58 53 50 46 55 50 51 54 52 53 51 55 57 32 43 48 51 48 48 32 77 83 75 32 109 61 43 51 46 48 48 49 51 51 57 56 53 57]
2022/07/19 02:48:53 main.go:74: Shutting down web server...
2022/07/19 02:48:53 main.go:70: http: Server closed
2022/07/19 02:48:53 main.go:82: Shutting down websocket hub...
2022/07/19 02:48:53 main.go:85: Shutting down message processor...
2022/07/19 02:48:53 main.go:87: Bye!
2022/07/19 02:48:54 main.go:55: Multihoster2 controller starting up...
2022/07/19 02:48:54 main.go:57: Launching websocket hub...
2022/07/19 02:48:54 main.go:60: Launching message processor...
2022/07/19 02:48:54 main.go:63: Launching web server...
2022/07/19 02:48:54 main.go:72: Startup completed
2022/07/19 02:48:56 main.go:109: Accepted hoster 42 from 127.0.0.1:45908
2022/07/19 02:48:57 main.go:120: Message from hoster 422022-07-19 02:48:57.048229504 +0300 MSK m=+1.001360381
2022/07/19 02:48:58 main.go:120: Message from hoster 422022-07-19 02:48:58.048258691 +0300 MSK m=+2.001389575
2022/07/19 02:48:59 main.go:120: Message from hoster 422022-07-19 02:48:59.04847469 +0300 MSK m=+3.001605568
2022/07/19 02:49:00 main.go:120: Message from hoster 422022-07-19 02:49:00.048100291 +0300 MSK m=+4.001231172
2022/07/19 02:49:01 main.go:120: Message from hoster 422022-07-19 02:49:01.048278998 +0300 MSK m=+5.001409875
2022/07/19 02:49:02 main.go:120: Message from hoster 422022-07-19 02:49:02.048299517 +0300 MSK m=+6.001430394
2022/07/19 02:49:03 main.go:120: Message from hoster 422022-07-19 02:49:03.04838641 +0300 MSK m=+7.001517289
2022/07/19 02:49:04 main.go:120: Message from hoster 422022-07-19 02:49:04.048411116 +0300 MSK m=+8.001541995
2022/07/19 02:49:05 main.go:120: Message from hoster 422022-07-19 02:49:05.048430139 +0300 MSK m=+9.001561016
2022/07/19 02:49:06 main.go:120: Message from hoster 422022-07-19 02:49:06.048525971 +0300 MSK m=+10.001656850
2022/07/19 02:49:07 main.go:120: Message from hoster 422022-07-19 02:49:07.048545233 +0300 MSK m=+11.001676111
2022/07/19 02:49:08 main.go:120: Message from hoster 422022-07-19 02:49:08.048599116 +0300 MSK m=+12.001729995
2022/07/19 02:49:09 main.go:120: Message from hoster 422022-07-19 02:49:09.048656855 +0300 MSK m=+13.001787733
2022/07/19 02:49:10 main.go:120: Message from hoster 422022-07-19 02:49:10.04828331 +0300 MSK m=+14.001414188
2022/07/19 02:49:11 main.go:120: Message from hoster 422022-07-19 02:49:11.048394266 +0300 MSK m=+15.001525144
2022/07/19 02:49:12 main.go:120: Message from hoster 422022-07-19 02:49:12.048463847 +0300 MSK m=+16.001594726
2022/07/19 02:49:13 main.go:120: Message from hoster 422022-07-19 02:49:13.048485274 +0300 MSK m=+17.001616151
2022/07/19 02:49:14 main.go:120: Message from hoster 422022-07-19 02:49:14.048308965 +0300 MSK m=+18.001439842
2022/07/19 02:49:15 main.go:120: Message from hoster 422022-07-19 02:49:15.048353614 +0300 MSK m=+19.001484492
2022/07/19 02:49:16 main.go:120: Message from hoster 422022-07-19 02:49:16.049037482 +0300 MSK m=+20.002168360
2022/07/19 02:49:17 main.go:120: Message from hoster 422022-07-19 02:49:17.048451713 +0300 MSK m=+21.001582590
2022/07/19 02:49:18 main.go:120: Message from hoster 422022-07-19 02:49:18.048509266 +0300 MSK m=+22.001640145
2022/07/19 02:49:19 main.go:120: Message from hoster 422022-07-19 02:49:19.048532213 +0300 MSK m=+23.001663090
2022/07/19 02:49:19 hoster.go:28: Hoster 42 dissconnected
